<?xml version='1.0' encoding='UTF-8'?>
<testsuite hostname="DESKTOP-5QP0FR6" name="gymscript.resolver.SemanticAnalyzerSpec" tests="4" errors="0" failures="0" skipped="0" time="0.281" timestamp="2026-05-13T20:35:41">
          <properties>
[...]
</properties>
          <testcase classname="gymscript.resolver.SemanticAnalyzerSpec" name="detecta variable no declarada" time="0.226">
                      
                    </testcase><testcase classname="gymscript.resolver.SemanticAnalyzerSpec" name="detecta redeclaracion en el mismo alcance" time="0.038">
                      
                    </testcase><testcase classname="gymscript.resolver.SemanticAnalyzerSpec" name="permite reasignacion valida" time="0.008">
                      
                    </testcase><testcase classname="gymscript.resolver.SemanticAnalyzerSpec" name="valida variables dentro de bloques" time="0.009">
                      
                    </testcase>
          <system-out><![CDATA[]]></system-out>
          <system-err><![CDATA[]]></system-err>
        </testsuite>